<?xml version="1.0" encoding="utf-8"?><testsuites name="pytest tests"><testsuite name="pytest" errors="0" failures="0" skipped="0" tests="15" time="4.182" timestamp="2026-06-12T16:22:38.237924+00:00" hostname="agent-env-312ac2fe-20cf-42e5-b9d9-3e1481175b8a"><testcase classname="backend.tests.test_api.TestAuthProtection" name="test_get_billings_requires_auth" time="0.237" /><testcase classname="backend.tests.test_api.TestAuthProtection" name="test_post_billings_requires_auth" time="0.109" /><testcase classname="backend.tests.test_api.TestAuthProtection" name="test_get_expenses_requires_auth" time="0.106" /><testcase classname="backend.tests.test_api.TestAuthProtection" name="test_get_summary_requires_auth" time="0.099" /><testcase classname="backend.tests.test_api.TestAuthProtection" name="test_patch_billing_requires_auth" time="0.103" /><testcase classname="backend.tests.test_api.TestAuthProtection" name="test_delete_expense_requires_auth" time="0.137" /><testcase classname="backend.tests.test_api.TestAuthProtection" name="test_session_invalid_returns_401" time="0.263" /><testcase classname="backend.tests.test_api.TestAuthProtection" name="test_me_with_bearer_works" time="0.125" /><testcase classname="backend.tests.test_api.TestBillingRecurrence" name="test_salary_recurs_award_doesnt" time="0.386" /><testcase classname="backend.tests.test_api.TestBillingRecurrence" name="test_delete_month_creates_skip" time="0.341" /><testcase classname="backend.tests.test_api.TestBillingRecurrence" name="test_delete_all_removes_template_and_skips" time="0.217" /><testcase classname="backend.tests.test_api.TestExpenses" name="test_fixed_recurs_detached_doesnt" time="0.294" /><testcase classname="backend.tests.test_api.TestExpenses" name="test_patch_status_and_value" time="0.712" /><testcase classname="backend.tests.test_api.TestIsolation" name="test_user_b_cannot_see_user_a_data" time="0.507" /><testcase classname="backend.tests.test_api.TestSummary" name="test_summary_aggregations" time="0.499" /></testsuite></testsuites>